[2020-09-21 10:52:40]-1	DEBUG	fpv	/Users/jelly/go/src/sports_service/server/backend/main.go:39	setup log success
[2020-09-21 10:53:18]-1	DEBUG	fpv	/Users/jelly/go/src/sports_service/server/backend/main.go:39	setup log success
[2020-09-21 10:54:09]-1	DEBUG	fpv	/Users/jelly/go/src/sports_service/server/backend/main.go:39	setup log success
[2020-09-21 10:54:21]-1	DEBUG	fpv	/Users/jelly/go/src/sports_service/server/backend/main.go:39	setup log success
[2020-09-21 10:55:48]-1	DEBUG	fpv	/Users/jelly/go/src/sports_service/server/backend/main.go:39	setup log success
[2020-09-25 11:39:08]-1	DEBUG	fpv	/Users/jelly/go/src/sports_service/server/backend/main.go:40	setup log success
[2020-09-25 11:40:23]-1	DEBUG	fpv	/Users/jelly/go/src/sports_service/server/backend/main.go:40	setup log success
[2020-09-25 11:43:03]-1	DEBUG	fpv	/Users/jelly/go/src/sports_service/server/backend/main.go:40	setup log success
[2020-09-25 11:45:55]-1	DEBUG	fpv	/Users/jelly/go/src/sports_service/server/backend/main.go:40	setup log success
[2020-09-25 11:47:20]-1	DEBUG	fpv	/Users/jelly/go/src/sports_service/server/backend/main.go:40	setup log success
[2020-09-25 11:53:18]-1	DEBUG	fpv	/Users/jelly/go/src/sports_service/server/backend/main.go:40	setup log success
[2020-09-27 16:03:47]-1	DEBUG	fpv	/Users/jelly/go/src/sports_service/server/backend/main.go:40	setup log success
[2020-09-27 16:05:21]-1	DEBUG	fpv	/Users/jelly/go/src/sports_service/server/backend/main.go:40	setup log success
[2020-09-27 16:06:10]-1	DEBUG	fpv	/Users/jelly/go/src/sports_service/server/backend/main.go:40	setup log success
[2020-09-27 16:06:41]-1	DEBUG	fpv	/Users/jelly/go/src/sports_service/server/backend/main.go:40	setup log success
[2020-09-27 16:10:37]-1	DEBUG	fpv	/Users/jelly/go/src/sports_service/server/backend/main.go:40	setup log success
[2020-09-27 16:10:52]-1	DEBUG	fpv	/Users/jelly/go/src/sports_service/server/backend/main.go:40	setup log success
[2020-09-27 16:10:57]-53	DEBUG	fpv	/Users/jelly/go/src/sports_service/server/backend/controller/comment/comment.go:68	commentIds:[26 27 28]
[2020-09-27 16:10:57]-53	DEBUG	fpv	/Users/jelly/go/src/sports_service/server/backend/controller/comment/comment.go:68	commentIds:[26 27 28]
[2020-09-27 16:10:57]-53	DEBUG	fpv	/Users/jelly/go/src/sports_service/server/backend/controller/comment/comment.go:68	commentIds:[26 27 28 29]
[2020-09-27 16:12:45]-1	DEBUG	fpv	/Users/jelly/go/src/sports_service/server/backend/main.go:40	setup log success
[2020-09-27 16:18:37]-1	DEBUG	fpv	/Users/jelly/go/src/sports_service/server/backend/main.go:40	setup log success
[2020-09-27 16:23:21]-1	DEBUG	fpv	/Users/jelly/go/src/sports_service/server/backend/main.go:40	setup log success
[2020-09-27 16:24:31]-1	DEBUG	fpv	/Users/jelly/go/src/sports_service/server/backend/main.go:40	setup log success
[2020-09-27 16:29:45]-1	DEBUG	fpv	/Users/jelly/go/src/sports_service/server/backend/main.go:40	setup log success
[2020-09-27 16:41:29]-1	DEBUG	fpv	/Users/jelly/go/src/sports_service/server/backend/main.go:40	setup log success
[2020-09-27 16:43:36]-1	DEBUG	fpv	/Users/jelly/go/src/sports_service/server/backend/main.go:40	setup log success
[2020-09-27 16:48:59]-1	DEBUG	fpv	/Users/jelly/go/src/sports_service/server/backend/main.go:40	setup log success
[2020-09-27 16:52:23]-1	DEBUG	fpv	/Users/jelly/go/src/sports_service/server/backend/main.go:40	setup log success
[2020-09-27 16:55:28]-1	DEBUG	fpv	/Users/jelly/go/src/sports_service/server/backend/main.go:40	setup log success
[2020-09-27 17:00:11]-1	DEBUG	fpv	/Users/jelly/go/src/sports_service/server/backend/main.go:40	setup log success
[2020-09-27 17:08:26]-1	DEBUG	fpv	/Users/jelly/go/src/sports_service/server/backend/main.go:40	setup log success
[2020-09-27 17:11:03]-1	DEBUG	fpv	/Users/jelly/go/src/sports_service/server/backend/main.go:40	setup log success
[2020-09-27 17:13:50]-1	DEBUG	fpv	/Users/jelly/go/src/sports_service/server/backend/main.go:40	setup log success
[2020-09-27 17:22:19]-1	DEBUG	fpv	/Users/jelly/go/src/sports_service/server/backend/main.go:40	setup log success
[2020-09-27 17:24:21]-1	DEBUG	fpv	/Users/jelly/go/src/sports_service/server/backend/main.go:40	setup log success
[2020-09-27 17:30:58]-1	DEBUG	fpv	/Users/jelly/go/src/sports_service/server/backend/main.go:40	setup log success
[2020-09-27 17:35:14]-1	DEBUG	fpv	/Users/jelly/go/src/sports_service/server/backend/main.go:40	setup log success
[2020-09-27 17:51:33]-1	DEBUG	fpv	/Users/jelly/go/src/sports_service/server/backend/main.go:40	setup log success
[2020-09-27 17:53:32]-1	DEBUG	fpv	/Users/jelly/go/src/sports_service/server/backend/main.go:40	setup log success
[2020-09-27 17:57:35]-1	DEBUG	fpv	/Users/jelly/go/src/sports_service/server/backend/main.go:40	setup log success
[2020-09-27 18:03:37]-1	DEBUG	fpv	/Users/jelly/go/src/sports_service/server/backend/main.go:40	setup log success
[2020-09-27 18:05:27]-1	DEBUG	fpv	/Users/jelly/go/src/sports_service/server/backend/main.go:40	setup log success
[2020-09-27 18:07:42]-1	DEBUG	fpv	/Users/jelly/go/src/sports_service/server/backend/main.go:40	setup log success
[2020-09-27 18:10:02]-1	DEBUG	fpv	/Users/jelly/go/src/sports_service/server/backend/main.go:40	setup log success
[2020-09-27 18:12:25]-1	DEBUG	fpv	/Users/jelly/go/src/sports_service/server/backend/main.go:40	setup log success
[2020-09-27 18:13:48]-1	DEBUG	fpv	/Users/jelly/go/src/sports_service/server/backend/main.go:40	setup log success
[2020-09-27 18:15:37]-1	DEBUG	fpv	/Users/jelly/go/src/sports_service/server/backend/main.go:40	setup log success
[2020-09-27 18:18:50]-1	DEBUG	fpv	/Users/jelly/go/src/sports_service/server/backend/main.go:40	setup log success
[2020-09-27 18:22:53]-1	DEBUG	fpv	/Users/jelly/go/src/sports_service/server/backend/main.go:40	setup log success
[2020-10-13 18:07:27]-1	DEBUG	fpv	/Users/jelly/go/src/sports_service/server/backend/main.go:40	setup log success
[2020-10-14 11:11:15]-1	DEBUG	fpv	/Users/jelly/go/src/sports_service/server/backend/main.go:40	setup log success
[2020-10-14 11:15:16]-1	DEBUG	fpv	/Users/jelly/go/src/sports_service/server/backend/main.go:40	setup log success
[2020-10-14 11:18:18]-1	DEBUG	fpv	/Users/jelly/go/src/sports_service/server/backend/main.go:40	setup log success
[2020-10-14 13:34:00]-1	DEBUG	fpv	/Users/jelly/go/src/sports_service/server/backend/main.go:40	setup log success
[2020-10-14 13:35:54]-1	DEBUG	fpv	/Users/jelly/go/src/sports_service/server/backend/main.go:40	setup log success
[2020-10-14 14:24:32]-1	DEBUG	fpv	/Users/jelly/go/src/sports_service/server/backend/main.go:40	setup log success
[2020-10-14 15:30:38]-1	DEBUG	fpv	/Users/jelly/go/src/sports_service/server/backend/main.go:40	setup log success
[2020-10-14 19:31:15]-1	DEBUG	fpv	/Users/jelly/go/src/sports_service/server/backend/main.go:40	setup log success
[2020-10-15 11:16:39]-1	DEBUG	fpv	/Users/jelly/go/src/sports_service/server/backend/main.go:40	setup log success
[2020-10-15 11:38:34]-1	DEBUG	fpv	/Users/jelly/go/src/sports_service/server/backend/main.go:40	setup log success
[2020-10-15 11:38:47]-1	DEBUG	fpv	/Users/jelly/go/src/sports_service/server/backend/main.go:40	setup log success
[2020-10-15 12:05:20]-1	DEBUG	fpv	/Users/jelly/go/src/sports_service/server/backend/main.go:40	setup log success
[2020-10-15 13:17:09]-1	DEBUG	fpv	/Users/jelly/go/src/sports_service/server/backend/main.go:40	setup log success
[2020-10-15 14:21:56]-1	DEBUG	fpv	/Users/jelly/go/src/sports_service/server/backend/main.go:40	setup log success
[2020-10-15 15:03:55]-1	DEBUG	fpv	/Users/jelly/go/src/sports_service/server/backend/main.go:40	setup log success
[2020-10-15 15:24:23]-1	DEBUG	fpv	/Users/jelly/go/src/sports_service/server/backend/main.go:40	setup log success
[2020-10-15 17:59:01]-1	DEBUG	fpv	/Users/jelly/go/src/sports_service/server/backend/main.go:40	setup log success
[2020-10-15 18:02:12]-1	DEBUG	fpv	/Users/jelly/go/src/sports_service/server/backend/main.go:40	setup log success
[2020-10-15 18:15:41]-1	DEBUG	fpv	/Users/jelly/go/src/sports_service/server/backend/main.go:40	setup log success
[2020-10-15 18:28:39]-1	DEBUG	fpv	/Users/jelly/go/src/sports_service/server/backend/main.go:40	setup log success
[2020-10-15 19:21:39]-1	DEBUG	fpv	/Users/jelly/go/src/sports_service/server/backend/main.go:40	setup log success
[2020-10-15 19:21:50]-52	ERROR	fpv	/Users/jelly/go/src/sports_service/server/models/mvideo/mvideo.go:395	video_trace: get recommend videos err:Error 1130: Host '192.168.51.112' is not allowed to connect to this MySQL server
sports_service/server/models/mvideo.(*VideoModel).GetVideoList
	/Users/jelly/go/src/sports_service/server/models/mvideo/mvideo.go:395
sports_service/server/backend/controller/cvideo.(*VideoModule).GetVideoList
	/Users/jelly/go/src/sports_service/server/backend/controller/cvideo/cvideo.go:100
sports_service/server/backend/routers/api/v1/video.VideoList
	/Users/jelly/go/src/sports_service/server/backend/routers/api/v1/video/video.go:33
github.com/gin-gonic/gin.(*Context).Next
	/Users/jelly/go/src/sports_service/pkg/mod/github.com/gin-gonic/gin@v1.6.3/context.go:161
sports_service/server/middleware/engineLog.EngineLog.func1
	/Users/jelly/go/src/sports_service/server/middleware/engineLog/log.go:33
github.com/gin-gonic/gin.(*Context).Next
	/Users/jelly/go/src/sports_service/pkg/mod/github.com/gin-gonic/gin@v1.6.3/context.go:161
github.com/gin-gonic/gin.(*Engine).handleHTTPRequest
	/Users/jelly/go/src/sports_service/pkg/mod/github.com/gin-gonic/gin@v1.6.3/gin.go:409
github.com/gin-gonic/gin.(*Engine).ServeHTTP
	/Users/jelly/go/src/sports_service/pkg/mod/github.com/gin-gonic/gin@v1.6.3/gin.go:367
net/http.serverHandler.ServeHTTP
	/usr/local/go/src/net/http/server.go:2807
net/http.(*conn).serve
	/usr/local/go/src/net/http/server.go:1895
[2020-10-15 19:21:53]-57	ERROR	fpv	/Users/jelly/go/src/sports_service/server/models/muser/muser.go:191	user_trace: get user list err:Error 1130: Host '192.168.51.112' is not allowed to connect to this MySQL server
sports_service/server/models/muser.(*UserModel).GetUserList
	/Users/jelly/go/src/sports_service/server/models/muser/muser.go:191
sports_service/server/backend/controller/cuser.(*UserModule).GetUserList
	/Users/jelly/go/src/sports_service/server/backend/controller/cuser/cuser.go:51
sports_service/server/backend/routers/api/v1/user.UserList
	/Users/jelly/go/src/sports_service/server/backend/routers/api/v1/user/user.go:17
github.com/gin-gonic/gin.(*Context).Next
	/Users/jelly/go/src/sports_service/pkg/mod/github.com/gin-gonic/gin@v1.6.3/context.go:161
sports_service/server/middleware/engineLog.EngineLog.func1
	/Users/jelly/go/src/sports_service/server/middleware/engineLog/log.go:33
github.com/gin-gonic/gin.(*Context).Next
	/Users/jelly/go/src/sports_service/pkg/mod/github.com/gin-gonic/gin@v1.6.3/context.go:161
github.com/gin-gonic/gin.(*Engine).handleHTTPRequest
	/Users/jelly/go/src/sports_service/pkg/mod/github.com/gin-gonic/gin@v1.6.3/gin.go:409
github.com/gin-gonic/gin.(*Engine).ServeHTTP
	/Users/jelly/go/src/sports_service/pkg/mod/github.com/gin-gonic/gin@v1.6.3/gin.go:367
net/http.serverHandler.ServeHTTP
	/usr/local/go/src/net/http/server.go:2807
net/http.(*conn).serve
	/usr/local/go/src/net/http/server.go:1895
[2020-10-15 19:21:57]-64	ERROR	fpv	/Users/jelly/go/src/sports_service/server/models/mvideo/mvideo.go:395	video_trace: get recommend videos err:Error 1130: Host '192.168.51.112' is not allowed to connect to this MySQL server
sports_service/server/models/mvideo.(*VideoModel).GetVideoList
	/Users/jelly/go/src/sports_service/server/models/mvideo/mvideo.go:395
sports_service/server/backend/controller/cvideo.(*VideoModule).GetVideoList
	/Users/jelly/go/src/sports_service/server/backend/controller/cvideo/cvideo.go:100
sports_service/server/backend/routers/api/v1/video.VideoList
	/Users/jelly/go/src/sports_service/server/backend/routers/api/v1/video/video.go:33
github.com/gin-gonic/gin.(*Context).Next
	/Users/jelly/go/src/sports_service/pkg/mod/github.com/gin-gonic/gin@v1.6.3/context.go:161
sports_service/server/middleware/engineLog.EngineLog.func1
	/Users/jelly/go/src/sports_service/server/middleware/engineLog/log.go:33
github.com/gin-gonic/gin.(*Context).Next
	/Users/jelly/go/src/sports_service/pkg/mod/github.com/gin-gonic/gin@v1.6.3/context.go:161
github.com/gin-gonic/gin.(*Engine).handleHTTPRequest
	/Users/jelly/go/src/sports_service/pkg/mod/github.com/gin-gonic/gin@v1.6.3/gin.go:409
github.com/gin-gonic/gin.(*Engine).ServeHTTP
	/Users/jelly/go/src/sports_service/pkg/mod/github.com/gin-gonic/gin@v1.6.3/gin.go:367
net/http.serverHandler.ServeHTTP
	/usr/local/go/src/net/http/server.go:2807
net/http.(*conn).serve
	/usr/local/go/src/net/http/server.go:1895
[2020-10-15 19:26:36]-100	ERROR	fpv	/Users/jelly/go/src/sports_service/server/models/mvideo/mvideo.go:395	video_trace: get recommend videos err:Error 1130: Host '192.168.51.112' is not allowed to connect to this MySQL server
sports_service/server/models/mvideo.(*VideoModel).GetVideoList
	/Users/jelly/go/src/sports_service/server/models/mvideo/mvideo.go:395
sports_service/server/backend/controller/cvideo.(*VideoModule).GetVideoList
	/Users/jelly/go/src/sports_service/server/backend/controller/cvideo/cvideo.go:100
sports_service/server/backend/routers/api/v1/video.VideoList
	/Users/jelly/go/src/sports_service/server/backend/routers/api/v1/video/video.go:33
github.com/gin-gonic/gin.(*Context).Next
	/Users/jelly/go/src/sports_service/pkg/mod/github.com/gin-gonic/gin@v1.6.3/context.go:161
sports_service/server/middleware/engineLog.EngineLog.func1
	/Users/jelly/go/src/sports_service/server/middleware/engineLog/log.go:33
github.com/gin-gonic/gin.(*Context).Next
	/Users/jelly/go/src/sports_service/pkg/mod/github.com/gin-gonic/gin@v1.6.3/context.go:161
github.com/gin-gonic/gin.(*Engine).handleHTTPRequest
	/Users/jelly/go/src/sports_service/pkg/mod/github.com/gin-gonic/gin@v1.6.3/gin.go:409
github.com/gin-gonic/gin.(*Engine).ServeHTTP
	/Users/jelly/go/src/sports_service/pkg/mod/github.com/gin-gonic/gin@v1.6.3/gin.go:367
net/http.serverHandler.ServeHTTP
	/usr/local/go/src/net/http/server.go:2807
net/http.(*conn).serve
	/usr/local/go/src/net/http/server.go:1895
[2020-10-15 19:27:00]-105	ERROR	fpv	/Users/jelly/go/src/sports_service/server/models/mvideo/mvideo.go:395	video_trace: get recommend videos err:Error 1130: Host '192.168.51.112' is not allowed to connect to this MySQL server
sports_service/server/models/mvideo.(*VideoModel).GetVideoList
	/Users/jelly/go/src/sports_service/server/models/mvideo/mvideo.go:395
sports_service/server/backend/controller/cvideo.(*VideoModule).GetVideoList
	/Users/jelly/go/src/sports_service/server/backend/controller/cvideo/cvideo.go:100
sports_service/server/backend/routers/api/v1/video.VideoList
	/Users/jelly/go/src/sports_service/server/backend/routers/api/v1/video/video.go:33
github.com/gin-gonic/gin.(*Context).Next
	/Users/jelly/go/src/sports_service/pkg/mod/github.com/gin-gonic/gin@v1.6.3/context.go:161
sports_service/server/middleware/engineLog.EngineLog.func1
	/Users/jelly/go/src/sports_service/server/middleware/engineLog/log.go:33
github.com/gin-gonic/gin.(*Context).Next
	/Users/jelly/go/src/sports_service/pkg/mod/github.com/gin-gonic/gin@v1.6.3/context.go:161
github.com/gin-gonic/gin.(*Engine).handleHTTPRequest
	/Users/jelly/go/src/sports_service/pkg/mod/github.com/gin-gonic/gin@v1.6.3/gin.go:409
github.com/gin-gonic/gin.(*Engine).ServeHTTP
	/Users/jelly/go/src/sports_service/pkg/mod/github.com/gin-gonic/gin@v1.6.3/gin.go:367
net/http.serverHandler.ServeHTTP
	/usr/local/go/src/net/http/server.go:2807
net/http.(*conn).serve
	/usr/local/go/src/net/http/server.go:1895
[2020-10-15 19:27:49]-1	DEBUG	fpv	/Users/jelly/go/src/sports_service/server/backend/main.go:40	setup log success
