[2020-09-21 10:34:26]-1	DEBUG	fpv	/Users/jelly/go/src/sports_service/server/app/main.go:40	setup log success
[2020-09-21 10:34:51]-1	DEBUG	fpv	/Users/jelly/go/src/sports_service/server/app/main.go:40	setup log success
[2020-09-21 10:53:34]-1	DEBUG	fpv	/Users/jelly/go/src/sports_service/server/app/main.go:40	setup log success
[2020-09-21 10:54:02]-24	DEBUG	fpv	/Users/jelly/go/src/sports_service/server/middleware/engineLog/log.go:27	url:/api/v1/like/video/list,user_agent:PostmanRuntime/7.26.2,ip:127.0.0.1

[2020-09-21 10:54:02]-24	DEBUG	fpv	/Users/jelly/go/src/sports_service/server/middleware/token/token.go:28	val:auth=202009181548217779_beac03ea2ed704ca50c3b86fdc5d6a3e
[2020-09-21 10:54:02]-24	DEBUG	fpv	/Users/jelly/go/src/sports_service/server/middleware/token/token.go:49	token_trace: token userid:202009181548217779
[2020-09-21 10:54:02]-24	DEBUG	fpv	/Users/jelly/go/src/sports_service/server/middleware/token/token.go:67	client token:202009181548217779_beac03ea2ed704ca50c3b86fdc5d6a3e, server token:202009181548217779_beac03ea2ed704ca50c3b86fdc5d6a3e
[2020-09-21 10:54:02]-24	DEBUG	fpv	/Users/jelly/go/src/sports_service/server/middleware/engineLog/log.go:61	[PlayMate] 2020/09/21 - 10:54:02 | version: | User-Agent:PostmanRuntime/7.26.2 |[97;42m 200 [0m|耗时：   15.219896ms | 127.0.0.1 |[97;44m  [0m GET     /api/v1/like/video/list {
   "videoId": 13,
   "toUserId":"202009101933004667"
}
|

[2020-09-21 10:55:01]-24	DEBUG	fpv	/Users/jelly/go/src/sports_service/server/middleware/engineLog/log.go:27	url:/api/v1/like/video/list,user_agent:PostmanRuntime/7.26.2,ip:127.0.0.1

[2020-09-21 10:55:01]-24	DEBUG	fpv	/Users/jelly/go/src/sports_service/server/middleware/token/token.go:28	val:auth=202009181548217779_beac03ea2ed704ca50c3b86fdc5d6a3e
[2020-09-21 10:55:01]-24	DEBUG	fpv	/Users/jelly/go/src/sports_service/server/middleware/token/token.go:49	token_trace: token userid:202009181548217779
[2020-09-21 10:55:01]-24	DEBUG	fpv	/Users/jelly/go/src/sports_service/server/middleware/token/token.go:67	client token:202009181548217779_beac03ea2ed704ca50c3b86fdc5d6a3e, server token:202009181548217779_beac03ea2ed704ca50c3b86fdc5d6a3e
[2020-09-21 10:55:01]-24	DEBUG	fpv	/Users/jelly/go/src/sports_service/server/middleware/engineLog/log.go:61	[PlayMate] 2020/09/21 - 10:55:01 | version: | User-Agent:PostmanRuntime/7.26.2 |[97;42m 200 [0m|耗时：    5.098286ms | 127.0.0.1 |[97;44m  [0m GET     /api/v1/like/video/list {
   "videoId": 13,
   "toUserId":"202009101933004667"
}
|

[2020-09-21 10:55:25]-1	DEBUG	fpv	/Users/jelly/go/src/sports_service/server/app/main.go:40	setup log success
[2020-09-21 10:55:36]-1	DEBUG	fpv	/Users/jelly/go/src/sports_service/server/app/main.go:40	setup log success
[2020-09-21 10:55:38]-84	DEBUG	fpv	/Users/jelly/go/src/sports_service/server/middleware/engineLog/log.go:27	url:/api/v1/like/video/list,user_agent:PostmanRuntime/7.26.2,ip:127.0.0.1

[2020-09-21 10:55:38]-84	DEBUG	fpv	/Users/jelly/go/src/sports_service/server/middleware/token/token.go:28	val:auth=202009181548217779_beac03ea2ed704ca50c3b86fdc5d6a3e
[2020-09-21 10:55:38]-84	DEBUG	fpv	/Users/jelly/go/src/sports_service/server/middleware/token/token.go:49	token_trace: token userid:202009181548217779
[2020-09-21 10:55:38]-84	DEBUG	fpv	/Users/jelly/go/src/sports_service/server/middleware/token/token.go:67	client token:202009181548217779_beac03ea2ed704ca50c3b86fdc5d6a3e, server token:202009181548217779_beac03ea2ed704ca50c3b86fdc5d6a3e
[2020-09-21 10:55:38]-84	DEBUG	fpv	/Users/jelly/go/src/sports_service/server/middleware/engineLog/log.go:61	[PlayMate] 2020/09/21 - 10:55:38 | version: | User-Agent:PostmanRuntime/7.26.2 |[97;42m 200 [0m|耗时：    12.20355ms | 127.0.0.1 |[97;44m  [0m GET     /api/v1/like/video/list {
   "videoId": 13,
   "toUserId":"202009101933004667"
}
|

[2020-09-21 10:55:59]-84	DEBUG	fpv	/Users/jelly/go/src/sports_service/server/middleware/engineLog/log.go:27	url:/api/v1/like/video/list,user_agent:PostmanRuntime/7.26.2,ip:127.0.0.1

[2020-09-21 10:55:59]-84	DEBUG	fpv	/Users/jelly/go/src/sports_service/server/middleware/token/token.go:28	val:auth=202009181548217779_beac03ea2ed704ca50c3b86fdc5d6a3e
[2020-09-21 10:55:59]-84	DEBUG	fpv	/Users/jelly/go/src/sports_service/server/middleware/token/token.go:49	token_trace: token userid:202009181548217779
[2020-09-21 10:55:59]-84	DEBUG	fpv	/Users/jelly/go/src/sports_service/server/middleware/token/token.go:67	client token:202009181548217779_beac03ea2ed704ca50c3b86fdc5d6a3e, server token:202009181548217779_beac03ea2ed704ca50c3b86fdc5d6a3e
[2020-09-21 10:55:59]-84	DEBUG	fpv	/Users/jelly/go/src/sports_service/server/middleware/engineLog/log.go:61	[PlayMate] 2020/09/21 - 10:55:59 | version: | User-Agent:PostmanRuntime/7.26.2 |[97;42m 200 [0m|耗时：   11.442557ms | 127.0.0.1 |[97;44m  [0m GET     /api/v1/like/video/list {
   "videoId": 13,
   "toUserId":"202009101933004667"
}
|

[2020-09-21 10:56:04]-84	DEBUG	fpv	/Users/jelly/go/src/sports_service/server/middleware/engineLog/log.go:27	url:/api/v1/like/video/list,user_agent:PostmanRuntime/7.26.2,ip:127.0.0.1

[2020-09-21 10:56:04]-84	DEBUG	fpv	/Users/jelly/go/src/sports_service/server/middleware/token/token.go:28	val:auth=202009181548217779_beac03ea2ed704ca50c3b86fdc5d6a3e
[2020-09-21 10:56:04]-84	DEBUG	fpv	/Users/jelly/go/src/sports_service/server/middleware/token/token.go:49	token_trace: token userid:202009181548217779
[2020-09-21 10:56:04]-84	DEBUG	fpv	/Users/jelly/go/src/sports_service/server/middleware/token/token.go:67	client token:202009181548217779_beac03ea2ed704ca50c3b86fdc5d6a3e, server token:202009181548217779_beac03ea2ed704ca50c3b86fdc5d6a3e
[2020-09-21 10:56:04]-84	DEBUG	fpv	/Users/jelly/go/src/sports_service/server/middleware/engineLog/log.go:61	[PlayMate] 2020/09/21 - 10:56:04 | version: | User-Agent:PostmanRuntime/7.26.2 |[97;42m 200 [0m|耗时：    7.455179ms | 127.0.0.1 |[97;44m  [0m GET     /api/v1/like/video/list {
   "videoId": 13,
   "toUserId":"202009101933004667"
}
|

[2020-09-21 10:56:48]-84	DEBUG	fpv	/Users/jelly/go/src/sports_service/server/middleware/engineLog/log.go:27	url:/api/v1/like/video/list,user_agent:PostmanRuntime/7.26.2,ip:127.0.0.1

[2020-09-21 10:56:48]-84	DEBUG	fpv	/Users/jelly/go/src/sports_service/server/middleware/token/token.go:28	val:auth=202009181548217779_beac03ea2ed704ca50c3b86fdc5d6a3e
[2020-09-21 10:56:48]-84	DEBUG	fpv	/Users/jelly/go/src/sports_service/server/middleware/token/token.go:49	token_trace: token userid:202009181548217779
[2020-09-21 10:56:48]-84	DEBUG	fpv	/Users/jelly/go/src/sports_service/server/middleware/token/token.go:67	client token:202009181548217779_beac03ea2ed704ca50c3b86fdc5d6a3e, server token:202009181548217779_beac03ea2ed704ca50c3b86fdc5d6a3e
[2020-09-21 10:56:48]-84	DEBUG	fpv	/Users/jelly/go/src/sports_service/server/middleware/engineLog/log.go:61	[PlayMate] 2020/09/21 - 10:56:48 | version: | User-Agent:PostmanRuntime/7.26.2 |[97;42m 200 [0m|耗时：    4.907618ms | 127.0.0.1 |[97;44m  [0m GET     /api/v1/like/video/list {
   "videoId": 13,
   "toUserId":"202009101933004667"
}
|

[2020-09-21 11:00:15]-120	DEBUG	fpv	/Users/jelly/go/src/sports_service/server/middleware/engineLog/log.go:27	url:/swagger/index.html,user_agent:Mozilla/5.0 (Macintosh; Intel Mac OS X 10_14_6) AppleWebKit/537.36 (KHTML, like Gecko) Chrome/85.0.4183.102 Safari/537.36,ip:::1

[2020-09-21 11:00:15]-120	DEBUG	fpv	/Users/jelly/go/src/sports_service/server/middleware/engineLog/log.go:61	[PlayMate] 2020/09/21 - 11:00:15 | version: | User-Agent:Mozilla/5.0 (Macintosh; Intel Mac OS X 10_14_6) AppleWebKit/537.36 (KHTML, like Gecko) Chrome/85.0.4183.102 Safari/537.36 |[97;42m 200 [0m|耗时：     236.873µs | ::1 |[97;44m  [0m GET     /swagger/index.html |

[2020-09-21 11:00:15]-120	DEBUG	fpv	/Users/jelly/go/src/sports_service/server/middleware/engineLog/log.go:27	url:/swagger/swagger-ui.css,user_agent:Mozilla/5.0 (Macintosh; Intel Mac OS X 10_14_6) AppleWebKit/537.36 (KHTML, like Gecko) Chrome/85.0.4183.102 Safari/537.36,ip:::1

[2020-09-21 11:00:15]-120	DEBUG	fpv	/Users/jelly/go/src/sports_service/server/middleware/engineLog/log.go:61	[PlayMate] 2020/09/21 - 11:00:15 | version: | User-Agent:Mozilla/5.0 (Macintosh; Intel Mac OS X 10_14_6) AppleWebKit/537.36 (KHTML, like Gecko) Chrome/85.0.4183.102 Safari/537.36 |[97;42m 200 [0m|耗时：     160.579µs | ::1 |[97;44m  [0m GET     /swagger/swagger-ui.css |

[2020-09-21 11:00:15]-121	DEBUG	fpv	/Users/jelly/go/src/sports_service/server/middleware/engineLog/log.go:27	url:/swagger/swagger-ui-bundle.js,user_agent:Mozilla/5.0 (Macintosh; Intel Mac OS X 10_14_6) AppleWebKit/537.36 (KHTML, like Gecko) Chrome/85.0.4183.102 Safari/537.36,ip:::1

[2020-09-21 11:00:15]-126	DEBUG	fpv	/Users/jelly/go/src/sports_service/server/middleware/engineLog/log.go:27	url:/swagger/swagger-ui-standalone-preset.js,user_agent:Mozilla/5.0 (Macintosh; Intel Mac OS X 10_14_6) AppleWebKit/537.36 (KHTML, like Gecko) Chrome/85.0.4183.102 Safari/537.36,ip:::1

[2020-09-21 11:00:15]-126	DEBUG	fpv	/Users/jelly/go/src/sports_service/server/middleware/engineLog/log.go:61	[PlayMate] 2020/09/21 - 11:00:15 | version: | User-Agent:Mozilla/5.0 (Macintosh; Intel Mac OS X 10_14_6) AppleWebKit/537.36 (KHTML, like Gecko) Chrome/85.0.4183.102 Safari/537.36 |[97;42m 200 [0m|耗时：      469.03µs | ::1 |[97;44m  [0m GET     /swagger/swagger-ui-standalone-preset.js |

[2020-09-21 11:00:16]-121	DEBUG	fpv	/Users/jelly/go/src/sports_service/server/middleware/engineLog/log.go:61	[PlayMate] 2020/09/21 - 11:00:16 | version: | User-Agent:Mozilla/5.0 (Macintosh; Intel Mac OS X 10_14_6) AppleWebKit/537.36 (KHTML, like Gecko) Chrome/85.0.4183.102 Safari/537.36 |[97;42m 200 [0m|耗时：   38.207393ms | ::1 |[97;44m  [0m GET     /swagger/swagger-ui-bundle.js |

[2020-09-21 11:00:16]-121	DEBUG	fpv	/Users/jelly/go/src/sports_service/server/middleware/engineLog/log.go:27	url:/swagger/doc.json,user_agent:Mozilla/5.0 (Macintosh; Intel Mac OS X 10_14_6) AppleWebKit/537.36 (KHTML, like Gecko) Chrome/85.0.4183.102 Safari/537.36,ip:::1

[2020-09-21 11:00:16]-121	DEBUG	fpv	/Users/jelly/go/src/sports_service/server/middleware/engineLog/log.go:61	[PlayMate] 2020/09/21 - 11:00:16 | version: | User-Agent:Mozilla/5.0 (Macintosh; Intel Mac OS X 10_14_6) AppleWebKit/537.36 (KHTML, like Gecko) Chrome/85.0.4183.102 Safari/537.36 |[97;42m 200 [0m|耗时：    1.728286ms | ::1 |[97;44m  [0m GET     /swagger/doc.json |

[2020-09-21 11:00:16]-121	DEBUG	fpv	/Users/jelly/go/src/sports_service/server/middleware/engineLog/log.go:27	url:/swagger/favicon-32x32.png,user_agent:Mozilla/5.0 (Macintosh; Intel Mac OS X 10_14_6) AppleWebKit/537.36 (KHTML, like Gecko) Chrome/85.0.4183.102 Safari/537.36,ip:::1

[2020-09-21 11:00:16]-121	DEBUG	fpv	/Users/jelly/go/src/sports_service/server/middleware/engineLog/log.go:61	[PlayMate] 2020/09/21 - 11:00:16 | version: | User-Agent:Mozilla/5.0 (Macintosh; Intel Mac OS X 10_14_6) AppleWebKit/537.36 (KHTML, like Gecko) Chrome/85.0.4183.102 Safari/537.36 |[97;42m 200 [0m|耗时：    5.438647ms | ::1 |[97;44m  [0m GET     /swagger/favicon-32x32.png |

[2020-09-21 12:23:23]-1	DEBUG	fpv	/Users/jelly/go/src/sports_service/server/app/main.go:40	setup log success
[2020-09-21 12:25:45]-1	DEBUG	fpv	/Users/jelly/go/src/sports_service/server/app/main.go:40	setup log success
[2020-09-21 12:25:59]-67	DEBUG	fpv	/Users/jelly/go/src/sports_service/server/middleware/engineLog/log.go:27	url:/swagger/index.html,user_agent:Mozilla/5.0 (Macintosh; Intel Mac OS X 10_14_6) AppleWebKit/537.36 (KHTML, like Gecko) Chrome/85.0.4183.102 Safari/537.36,ip:::1

[2020-09-21 12:25:59]-67	DEBUG	fpv	/Users/jelly/go/src/sports_service/server/middleware/engineLog/log.go:61	[PlayMate] 2020/09/21 - 12:25:59 | version: | User-Agent:Mozilla/5.0 (Macintosh; Intel Mac OS X 10_14_6) AppleWebKit/537.36 (KHTML, like Gecko) Chrome/85.0.4183.102 Safari/537.36 |[97;42m 200 [0m|耗时：     235.604µs | ::1 |[97;44m  [0m GET     /swagger/index.html |

[2020-09-21 12:25:59]-67	DEBUG	fpv	/Users/jelly/go/src/sports_service/server/middleware/engineLog/log.go:27	url:/swagger/swagger-ui.css,user_agent:Mozilla/5.0 (Macintosh; Intel Mac OS X 10_14_6) AppleWebKit/537.36 (KHTML, like Gecko) Chrome/85.0.4183.102 Safari/537.36,ip:::1

[2020-09-21 12:25:59]-68	DEBUG	fpv	/Users/jelly/go/src/sports_service/server/middleware/engineLog/log.go:27	url:/swagger/swagger-ui-bundle.js,user_agent:Mozilla/5.0 (Macintosh; Intel Mac OS X 10_14_6) AppleWebKit/537.36 (KHTML, like Gecko) Chrome/85.0.4183.102 Safari/537.36,ip:::1

[2020-09-21 12:25:59]-67	DEBUG	fpv	/Users/jelly/go/src/sports_service/server/middleware/engineLog/log.go:61	[PlayMate] 2020/09/21 - 12:25:59 | version: | User-Agent:Mozilla/5.0 (Macintosh; Intel Mac OS X 10_14_6) AppleWebKit/537.36 (KHTML, like Gecko) Chrome/85.0.4183.102 Safari/537.36 |[97;42m 200 [0m|耗时：     246.292µs | ::1 |[97;44m  [0m GET     /swagger/swagger-ui.css |

[2020-09-21 12:25:59]-54	DEBUG	fpv	/Users/jelly/go/src/sports_service/server/middleware/engineLog/log.go:27	url:/swagger/swagger-ui-standalone-preset.js,user_agent:Mozilla/5.0 (Macintosh; Intel Mac OS X 10_14_6) AppleWebKit/537.36 (KHTML, like Gecko) Chrome/85.0.4183.102 Safari/537.36,ip:::1

[2020-09-21 12:25:59]-54	DEBUG	fpv	/Users/jelly/go/src/sports_service/server/middleware/engineLog/log.go:61	[PlayMate] 2020/09/21 - 12:25:59 | version: | User-Agent:Mozilla/5.0 (Macintosh; Intel Mac OS X 10_14_6) AppleWebKit/537.36 (KHTML, like Gecko) Chrome/85.0.4183.102 Safari/537.36 |[97;42m 200 [0m|耗时：     530.263µs | ::1 |[97;44m  [0m GET     /swagger/swagger-ui-standalone-preset.js |

[2020-09-21 12:25:59]-68	DEBUG	fpv	/Users/jelly/go/src/sports_service/server/middleware/engineLog/log.go:61	[PlayMate] 2020/09/21 - 12:25:59 | version: | User-Agent:Mozilla/5.0 (Macintosh; Intel Mac OS X 10_14_6) AppleWebKit/537.36 (KHTML, like Gecko) Chrome/85.0.4183.102 Safari/537.36 |[97;42m 200 [0m|耗时：   39.960775ms | ::1 |[97;44m  [0m GET     /swagger/swagger-ui-bundle.js |

[2020-09-21 12:26:00]-68	DEBUG	fpv	/Users/jelly/go/src/sports_service/server/middleware/engineLog/log.go:27	url:/swagger/doc.json,user_agent:Mozilla/5.0 (Macintosh; Intel Mac OS X 10_14_6) AppleWebKit/537.36 (KHTML, like Gecko) Chrome/85.0.4183.102 Safari/537.36,ip:::1

[2020-09-21 12:26:00]-68	DEBUG	fpv	/Users/jelly/go/src/sports_service/server/middleware/engineLog/log.go:61	[PlayMate] 2020/09/21 - 12:26:00 | version: | User-Agent:Mozilla/5.0 (Macintosh; Intel Mac OS X 10_14_6) AppleWebKit/537.36 (KHTML, like Gecko) Chrome/85.0.4183.102 Safari/537.36 |[97;42m 200 [0m|耗时：    2.800569ms | ::1 |[97;44m  [0m GET     /swagger/doc.json |

[2020-09-21 18:05:34]-1	DEBUG	fpv	/Users/jelly/go/src/sports_service/server/app/main.go:40	setup log success
[2020-09-21 18:06:47]-1	DEBUG	fpv	/Users/jelly/go/src/sports_service/server/app/main.go:40	setup log success
[2020-09-21 18:08:38]-1	DEBUG	fpv	/Users/jelly/go/src/sports_service/server/app/main.go:40	setup log success
[2020-09-21 18:08:43]-61	DEBUG	fpv	/Users/jelly/go/src/sports_service/server/middleware/engineLog/log.go:27	url:/api/v1/like/video/list,user_agent:PostmanRuntime/7.26.2,ip:127.0.0.1

[2020-09-21 18:08:43]-61	DEBUG	fpv	/Users/jelly/go/src/sports_service/server/middleware/token/token.go:29	val:auth=202009181548217779_beac03ea2ed704ca50c3b86fdc5d6a3e
[2020-09-21 18:08:43]-61	DEBUG	fpv	/Users/jelly/go/src/sports_service/server/middleware/token/token.go:50	token_trace: token userid:202009181548217779
[2020-09-21 18:08:43]-61	DEBUG	fpv	/Users/jelly/go/src/sports_service/server/middleware/token/token.go:68	client token:202009181548217779_beac03ea2ed704ca50c3b86fdc5d6a3e, server token:202009181548217779_beac03ea2ed704ca50c3b86fdc5d6a3e
[2020-09-21 18:08:43]-61	DEBUG	fpv	/Users/jelly/go/src/sports_service/server/middleware/engineLog/log.go:61	[PlayMate] 2020/09/21 - 18:08:43 | version: | User-Agent:PostmanRuntime/7.26.2 |[97;42m 200 [0m|耗时：   18.440657ms | 127.0.0.1 |[97;44m  [0m GET     /api/v1/like/video/list {
   "videoId": 13,
   "toUserId":"202009101933004667"
}
|

[2020-09-21 18:08:46]-61	DEBUG	fpv	/Users/jelly/go/src/sports_service/server/middleware/engineLog/log.go:27	url:/api/v1/like/video/list,user_agent:PostmanRuntime/7.26.2,ip:127.0.0.1

[2020-09-21 18:08:46]-61	DEBUG	fpv	/Users/jelly/go/src/sports_service/server/middleware/token/token.go:29	val:auth=202009181548217779_beac03ea2ed704ca50c3b86fdc5d6a3e
[2020-09-21 18:08:46]-61	DEBUG	fpv	/Users/jelly/go/src/sports_service/server/middleware/token/token.go:50	token_trace: token userid:202009181548217779
[2020-09-21 18:08:46]-61	DEBUG	fpv	/Users/jelly/go/src/sports_service/server/middleware/token/token.go:68	client token:202009181548217779_beac03ea2ed704ca50c3b86fdc5d6a3e, server token:202009181548217779_beac03ea2ed704ca50c3b86fdc5d6a3e
[2020-09-21 18:08:46]-61	DEBUG	fpv	/Users/jelly/go/src/sports_service/server/middleware/engineLog/log.go:61	[PlayMate] 2020/09/21 - 18:08:46 | version: | User-Agent:PostmanRuntime/7.26.2 |[97;42m 200 [0m|耗时：    8.055302ms | 127.0.0.1 |[97;44m  [0m GET     /api/v1/like/video/list {
   "videoId": 13,
   "toUserId":"202009101933004667"
}
|

[2020-09-21 18:09:10]-61	DEBUG	fpv	/Users/jelly/go/src/sports_service/server/middleware/engineLog/log.go:27	url:/api/v1/like/video/list?page=1&limit=10,user_agent:PostmanRuntime/7.26.2,ip:127.0.0.1

[2020-09-21 18:09:10]-61	DEBUG	fpv	/Users/jelly/go/src/sports_service/server/middleware/token/token.go:29	val:auth=202009181548217779_beac03ea2ed704ca50c3b86fdc5d6a3e
[2020-09-21 18:09:10]-61	DEBUG	fpv	/Users/jelly/go/src/sports_service/server/middleware/token/token.go:50	token_trace: token userid:202009181548217779
[2020-09-21 18:09:10]-61	DEBUG	fpv	/Users/jelly/go/src/sports_service/server/middleware/token/token.go:68	client token:202009181548217779_beac03ea2ed704ca50c3b86fdc5d6a3e, server token:202009181548217779_beac03ea2ed704ca50c3b86fdc5d6a3e
[2020-09-21 18:09:10]-61	DEBUG	fpv	/Users/jelly/go/src/sports_service/server/middleware/engineLog/log.go:61	[PlayMate] 2020/09/21 - 18:09:10 | version: | User-Agent:PostmanRuntime/7.26.2 |[97;42m 200 [0m|耗时：     6.57095ms | 127.0.0.1 |[97;44m  [0m GET     /api/v1/like/video/list {
   "videoId": 13,
   "toUserId":"202009101933004667"
}
|

[2020-09-21 18:48:18]-1	DEBUG	fpv	/Users/jelly/go/src/sports_service/server/app/main.go:40	setup log success
[2020-09-21 18:48:34]-79	DEBUG	fpv	/Users/jelly/go/src/sports_service/server/middleware/engineLog/log.go:27	url:/swagger/index.html,user_agent:Mozilla/5.0 (Macintosh; Intel Mac OS X 10_14_6) AppleWebKit/537.36 (KHTML, like Gecko) Chrome/85.0.4183.102 Safari/537.36,ip:::1

[2020-09-21 18:48:34]-79	DEBUG	fpv	/Users/jelly/go/src/sports_service/server/middleware/engineLog/log.go:61	[PlayMate] 2020/09/21 - 18:48:34 | version: | User-Agent:Mozilla/5.0 (Macintosh; Intel Mac OS X 10_14_6) AppleWebKit/537.36 (KHTML, like Gecko) Chrome/85.0.4183.102 Safari/537.36 |[97;42m 200 [0m|耗时：     236.205µs | ::1 |[97;44m  [0m GET     /swagger/index.html |

[2020-09-21 18:48:34]-79	DEBUG	fpv	/Users/jelly/go/src/sports_service/server/middleware/engineLog/log.go:27	url:/swagger/swagger-ui-bundle.js,user_agent:Mozilla/5.0 (Macintosh; Intel Mac OS X 10_14_6) AppleWebKit/537.36 (KHTML, like Gecko) Chrome/85.0.4183.102 Safari/537.36,ip:::1

[2020-09-21 18:48:34]-80	DEBUG	fpv	/Users/jelly/go/src/sports_service/server/middleware/engineLog/log.go:27	url:/swagger/swagger-ui-standalone-preset.js,user_agent:Mozilla/5.0 (Macintosh; Intel Mac OS X 10_14_6) AppleWebKit/537.36 (KHTML, like Gecko) Chrome/85.0.4183.102 Safari/537.36,ip:::1

[2020-09-21 18:48:34]-80	DEBUG	fpv	/Users/jelly/go/src/sports_service/server/middleware/engineLog/log.go:61	[PlayMate] 2020/09/21 - 18:48:34 | version: | User-Agent:Mozilla/5.0 (Macintosh; Intel Mac OS X 10_14_6) AppleWebKit/537.36 (KHTML, like Gecko) Chrome/85.0.4183.102 Safari/537.36 |[97;42m 200 [0m|耗时：     401.065µs | ::1 |[97;44m  [0m GET     /swagger/swagger-ui-standalone-preset.js |

[2020-09-21 18:48:34]-8	DEBUG	fpv	/Users/jelly/go/src/sports_service/server/middleware/engineLog/log.go:27	url:/swagger/swagger-ui.css,user_agent:Mozilla/5.0 (Macintosh; Intel Mac OS X 10_14_6) AppleWebKit/537.36 (KHTML, like Gecko) Chrome/85.0.4183.102 Safari/537.36,ip:::1

[2020-09-21 18:48:34]-8	DEBUG	fpv	/Users/jelly/go/src/sports_service/server/middleware/engineLog/log.go:61	[PlayMate] 2020/09/21 - 18:48:34 | version: | User-Agent:Mozilla/5.0 (Macintosh; Intel Mac OS X 10_14_6) AppleWebKit/537.36 (KHTML, like Gecko) Chrome/85.0.4183.102 Safari/537.36 |[97;42m 200 [0m|耗时：     214.036µs | ::1 |[97;44m  [0m GET     /swagger/swagger-ui.css |

[2020-09-21 18:48:34]-79	DEBUG	fpv	/Users/jelly/go/src/sports_service/server/middleware/engineLog/log.go:61	[PlayMate] 2020/09/21 - 18:48:34 | version: | User-Agent:Mozilla/5.0 (Macintosh; Intel Mac OS X 10_14_6) AppleWebKit/537.36 (KHTML, like Gecko) Chrome/85.0.4183.102 Safari/537.36 |[97;42m 200 [0m|耗时：    9.710497ms | ::1 |[97;44m  [0m GET     /swagger/swagger-ui-bundle.js |

[2020-09-21 18:48:34]-8	DEBUG	fpv	/Users/jelly/go/src/sports_service/server/middleware/engineLog/log.go:27	url:/swagger/doc.json,user_agent:Mozilla/5.0 (Macintosh; Intel Mac OS X 10_14_6) AppleWebKit/537.36 (KHTML, like Gecko) Chrome/85.0.4183.102 Safari/537.36,ip:::1

[2020-09-21 18:48:34]-8	DEBUG	fpv	/Users/jelly/go/src/sports_service/server/middleware/engineLog/log.go:61	[PlayMate] 2020/09/21 - 18:48:34 | version: | User-Agent:Mozilla/5.0 (Macintosh; Intel Mac OS X 10_14_6) AppleWebKit/537.36 (KHTML, like Gecko) Chrome/85.0.4183.102 Safari/537.36 |[97;42m 200 [0m|耗时：    2.465857ms | ::1 |[97;44m  [0m GET     /swagger/doc.json |

[2020-09-21 18:51:29]-1	DEBUG	fpv	/Users/jelly/go/src/sports_service/server/app/main.go:40	setup log success
[2020-09-21 18:51:54]-46	DEBUG	fpv	/Users/jelly/go/src/sports_service/server/middleware/engineLog/log.go:27	url:/api/v1/like/video/list?page=1&limit=10,user_agent:PostmanRuntime/7.26.2,ip:127.0.0.1

[2020-09-21 18:51:54]-46	DEBUG	fpv	/Users/jelly/go/src/sports_service/server/middleware/token/token.go:29	val:auth=202009181548217779_beac03ea2ed704ca50c3b86fdc5d6a3e
[2020-09-21 18:51:54]-46	DEBUG	fpv	/Users/jelly/go/src/sports_service/server/middleware/token/token.go:50	token_trace: token userid:202009181548217779
[2020-09-21 18:51:54]-46	DEBUG	fpv	/Users/jelly/go/src/sports_service/server/middleware/token/token.go:68	client token:202009181548217779_beac03ea2ed704ca50c3b86fdc5d6a3e, server token:202009181548217779_beac03ea2ed704ca50c3b86fdc5d6a3e
[2020-09-21 18:51:54]-46	DEBUG	fpv	/Users/jelly/go/src/sports_service/server/middleware/engineLog/log.go:61	[PlayMate] 2020/09/21 - 18:51:54 | version: | User-Agent:PostmanRuntime/7.26.2 |[97;42m 200 [0m|耗时：    9.534611ms | 127.0.0.1 |[97;44m  [0m GET     /api/v1/like/video/list {
   "videoId": 13,
   "toUserId":"202009101933004667"
}
|

[2020-09-21 18:52:01]-16	DEBUG	fpv	/Users/jelly/go/src/sports_service/server/middleware/engineLog/log.go:27	url:/swagger/index.html,user_agent:Mozilla/5.0 (Macintosh; Intel Mac OS X 10_14_6) AppleWebKit/537.36 (KHTML, like Gecko) Chrome/85.0.4183.102 Safari/537.36,ip:::1

[2020-09-21 18:52:01]-16	DEBUG	fpv	/Users/jelly/go/src/sports_service/server/middleware/engineLog/log.go:61	[PlayMate] 2020/09/21 - 18:52:01 | version: | User-Agent:Mozilla/5.0 (Macintosh; Intel Mac OS X 10_14_6) AppleWebKit/537.36 (KHTML, like Gecko) Chrome/85.0.4183.102 Safari/537.36 |[97;42m 200 [0m|耗时：     218.014µs | ::1 |[97;44m  [0m GET     /swagger/index.html |

[2020-09-21 18:52:01]-66	DEBUG	fpv	/Users/jelly/go/src/sports_service/server/middleware/engineLog/log.go:27	url:/swagger/swagger-ui-standalone-preset.js,user_agent:Mozilla/5.0 (Macintosh; Intel Mac OS X 10_14_6) AppleWebKit/537.36 (KHTML, like Gecko) Chrome/85.0.4183.102 Safari/537.36,ip:::1

[2020-09-21 18:52:01]-16	DEBUG	fpv	/Users/jelly/go/src/sports_service/server/middleware/engineLog/log.go:27	url:/swagger/swagger-ui-bundle.js,user_agent:Mozilla/5.0 (Macintosh; Intel Mac OS X 10_14_6) AppleWebKit/537.36 (KHTML, like Gecko) Chrome/85.0.4183.102 Safari/537.36,ip:::1

[2020-09-21 18:52:01]-66	DEBUG	fpv	/Users/jelly/go/src/sports_service/server/middleware/engineLog/log.go:61	[PlayMate] 2020/09/21 - 18:52:01 | version: | User-Agent:Mozilla/5.0 (Macintosh; Intel Mac OS X 10_14_6) AppleWebKit/537.36 (KHTML, like Gecko) Chrome/85.0.4183.102 Safari/537.36 |[97;42m 200 [0m|耗时：     435.997µs | ::1 |[97;44m  [0m GET     /swagger/swagger-ui-standalone-preset.js |

[2020-09-21 18:52:01]-57	DEBUG	fpv	/Users/jelly/go/src/sports_service/server/middleware/engineLog/log.go:27	url:/swagger/swagger-ui.css,user_agent:Mozilla/5.0 (Macintosh; Intel Mac OS X 10_14_6) AppleWebKit/537.36 (KHTML, like Gecko) Chrome/85.0.4183.102 Safari/537.36,ip:::1

[2020-09-21 18:52:01]-57	DEBUG	fpv	/Users/jelly/go/src/sports_service/server/middleware/engineLog/log.go:61	[PlayMate] 2020/09/21 - 18:52:01 | version: | User-Agent:Mozilla/5.0 (Macintosh; Intel Mac OS X 10_14_6) AppleWebKit/537.36 (KHTML, like Gecko) Chrome/85.0.4183.102 Safari/537.36 |[97;42m 200 [0m|耗时：     136.809µs | ::1 |[97;44m  [0m GET     /swagger/swagger-ui.css |

[2020-09-21 18:52:01]-16	DEBUG	fpv	/Users/jelly/go/src/sports_service/server/middleware/engineLog/log.go:61	[PlayMate] 2020/09/21 - 18:52:01 | version: | User-Agent:Mozilla/5.0 (Macintosh; Intel Mac OS X 10_14_6) AppleWebKit/537.36 (KHTML, like Gecko) Chrome/85.0.4183.102 Safari/537.36 |[97;42m 200 [0m|耗时：   22.247107ms | ::1 |[97;44m  [0m GET     /swagger/swagger-ui-bundle.js |

[2020-09-21 18:52:01]-16	DEBUG	fpv	/Users/jelly/go/src/sports_service/server/middleware/engineLog/log.go:27	url:/swagger/doc.json,user_agent:Mozilla/5.0 (Macintosh; Intel Mac OS X 10_14_6) AppleWebKit/537.36 (KHTML, like Gecko) Chrome/85.0.4183.102 Safari/537.36,ip:::1

[2020-09-21 18:52:01]-16	DEBUG	fpv	/Users/jelly/go/src/sports_service/server/middleware/engineLog/log.go:61	[PlayMate] 2020/09/21 - 18:52:01 | version: | User-Agent:Mozilla/5.0 (Macintosh; Intel Mac OS X 10_14_6) AppleWebKit/537.36 (KHTML, like Gecko) Chrome/85.0.4183.102 Safari/537.36 |[97;42m 200 [0m|耗时：    4.965067ms | ::1 |[97;44m  [0m GET     /swagger/doc.json |

[2020-09-21 19:05:03]-1	DEBUG	fpv	/Users/jelly/go/src/sports_service/server/app/main.go:40	setup log success
[2020-09-21 19:05:07]-54	DEBUG	fpv	/Users/jelly/go/src/sports_service/server/middleware/engineLog/log.go:27	url:/api/v1/like/video/list?page=1&limit=10,user_agent:PostmanRuntime/7.26.2,ip:127.0.0.1

[2020-09-21 19:05:07]-54	DEBUG	fpv	/Users/jelly/go/src/sports_service/server/middleware/token/token.go:29	val:auth=202009181548217779_beac03ea2ed704ca50c3b86fdc5d6a3e
[2020-09-21 19:05:07]-54	DEBUG	fpv	/Users/jelly/go/src/sports_service/server/middleware/token/token.go:50	token_trace: token userid:202009181548217779
[2020-09-21 19:05:07]-54	DEBUG	fpv	/Users/jelly/go/src/sports_service/server/middleware/token/token.go:68	client token:202009181548217779_beac03ea2ed704ca50c3b86fdc5d6a3e, server token:202009181548217779_beac03ea2ed704ca50c3b86fdc5d6a3e
[2020-09-21 19:05:07]-54	DEBUG	fpv	/Users/jelly/go/src/sports_service/server/middleware/engineLog/log.go:61	[PlayMate] 2020/09/21 - 19:05:07 | version: | User-Agent:PostmanRuntime/7.26.2 |[97;42m 200 [0m|耗时：     9.10069ms | 127.0.0.1 |[97;44m  [0m GET     /api/v1/like/video/list {
   "videoId": 13,
   "toUserId":"202009101933004667"
}
|

[2020-09-21 19:05:14]-59	DEBUG	fpv	/Users/jelly/go/src/sports_service/server/middleware/engineLog/log.go:27	url:/swagger/index.html,user_agent:Mozilla/5.0 (Macintosh; Intel Mac OS X 10_14_6) AppleWebKit/537.36 (KHTML, like Gecko) Chrome/85.0.4183.102 Safari/537.36,ip:::1

[2020-09-21 19:05:14]-59	DEBUG	fpv	/Users/jelly/go/src/sports_service/server/middleware/engineLog/log.go:61	[PlayMate] 2020/09/21 - 19:05:14 | version: | User-Agent:Mozilla/5.0 (Macintosh; Intel Mac OS X 10_14_6) AppleWebKit/537.36 (KHTML, like Gecko) Chrome/85.0.4183.102 Safari/537.36 |[97;42m 200 [0m|耗时：     390.811µs | ::1 |[97;44m  [0m GET     /swagger/index.html |

[2020-09-21 19:05:14]-59	DEBUG	fpv	/Users/jelly/go/src/sports_service/server/middleware/engineLog/log.go:27	url:/swagger/swagger-ui-bundle.js,user_agent:Mozilla/5.0 (Macintosh; Intel Mac OS X 10_14_6) AppleWebKit/537.36 (KHTML, like Gecko) Chrome/85.0.4183.102 Safari/537.36,ip:::1

[2020-09-21 19:05:14]-60	DEBUG	fpv	/Users/jelly/go/src/sports_service/server/middleware/engineLog/log.go:27	url:/swagger/swagger-ui-standalone-preset.js,user_agent:Mozilla/5.0 (Macintosh; Intel Mac OS X 10_14_6) AppleWebKit/537.36 (KHTML, like Gecko) Chrome/85.0.4183.102 Safari/537.36,ip:::1

[2020-09-21 19:05:14]-60	DEBUG	fpv	/Users/jelly/go/src/sports_service/server/middleware/engineLog/log.go:61	[PlayMate] 2020/09/21 - 19:05:14 | version: | User-Agent:Mozilla/5.0 (Macintosh; Intel Mac OS X 10_14_6) AppleWebKit/537.36 (KHTML, like Gecko) Chrome/85.0.4183.102 Safari/537.36 |[97;42m 200 [0m|耗时：     295.858µs | ::1 |[97;44m  [0m GET     /swagger/swagger-ui-standalone-preset.js |

[2020-09-21 19:05:14]-39	DEBUG	fpv	/Users/jelly/go/src/sports_service/server/middleware/engineLog/log.go:27	url:/swagger/swagger-ui.css,user_agent:Mozilla/5.0 (Macintosh; Intel Mac OS X 10_14_6) AppleWebKit/537.36 (KHTML, like Gecko) Chrome/85.0.4183.102 Safari/537.36,ip:::1

[2020-09-21 19:05:14]-39	DEBUG	fpv	/Users/jelly/go/src/sports_service/server/middleware/engineLog/log.go:61	[PlayMate] 2020/09/21 - 19:05:14 | version: | User-Agent:Mozilla/5.0 (Macintosh; Intel Mac OS X 10_14_6) AppleWebKit/537.36 (KHTML, like Gecko) Chrome/85.0.4183.102 Safari/537.36 |[97;42m 200 [0m|耗时：     149.577µs | ::1 |[97;44m  [0m GET     /swagger/swagger-ui.css |

[2020-09-21 19:05:14]-59	DEBUG	fpv	/Users/jelly/go/src/sports_service/server/middleware/engineLog/log.go:61	[PlayMate] 2020/09/21 - 19:05:14 | version: | User-Agent:Mozilla/5.0 (Macintosh; Intel Mac OS X 10_14_6) AppleWebKit/537.36 (KHTML, like Gecko) Chrome/85.0.4183.102 Safari/537.36 |[97;42m 200 [0m|耗时：    5.149275ms | ::1 |[97;44m  [0m GET     /swagger/swagger-ui-bundle.js |

[2020-09-21 19:05:15]-59	DEBUG	fpv	/Users/jelly/go/src/sports_service/server/middleware/engineLog/log.go:27	url:/swagger/doc.json,user_agent:Mozilla/5.0 (Macintosh; Intel Mac OS X 10_14_6) AppleWebKit/537.36 (KHTML, like Gecko) Chrome/85.0.4183.102 Safari/537.36,ip:::1

[2020-09-21 19:05:15]-59	DEBUG	fpv	/Users/jelly/go/src/sports_service/server/middleware/engineLog/log.go:61	[PlayMate] 2020/09/21 - 19:05:15 | version: | User-Agent:Mozilla/5.0 (Macintosh; Intel Mac OS X 10_14_6) AppleWebKit/537.36 (KHTML, like Gecko) Chrome/85.0.4183.102 Safari/537.36 |[97;42m 200 [0m|耗时：    2.980949ms | ::1 |[97;44m  [0m GET     /swagger/doc.json |

[2020-09-21 19:54:54]-1	DEBUG	fpv	/Users/jelly/go/src/sports_service/server/app/main.go:40	setup log success
[2020-09-21 19:55:06]-67	DEBUG	fpv	/Users/jelly/go/src/sports_service/server/middleware/engineLog/log.go:27	url:/swagger/index.html,user_agent:Mozilla/5.0 (Macintosh; Intel Mac OS X 10_14_6) AppleWebKit/537.36 (KHTML, like Gecko) Chrome/85.0.4183.102 Safari/537.36,ip:::1

[2020-09-21 19:55:06]-67	DEBUG	fpv	/Users/jelly/go/src/sports_service/server/middleware/engineLog/log.go:61	[PlayMate] 2020/09/21 - 19:55:06 | version: | User-Agent:Mozilla/5.0 (Macintosh; Intel Mac OS X 10_14_6) AppleWebKit/537.36 (KHTML, like Gecko) Chrome/85.0.4183.102 Safari/537.36 |[97;42m 200 [0m|耗时：      398.32µs | ::1 |[97;44m  [0m GET     /swagger/index.html |

[2020-09-21 19:55:06]-68	DEBUG	fpv	/Users/jelly/go/src/sports_service/server/middleware/engineLog/log.go:27	url:/swagger/swagger-ui-standalone-preset.js,user_agent:Mozilla/5.0 (Macintosh; Intel Mac OS X 10_14_6) AppleWebKit/537.36 (KHTML, like Gecko) Chrome/85.0.4183.102 Safari/537.36,ip:::1

[2020-09-21 19:55:06]-67	DEBUG	fpv	/Users/jelly/go/src/sports_service/server/middleware/engineLog/log.go:27	url:/swagger/swagger-ui-bundle.js,user_agent:Mozilla/5.0 (Macintosh; Intel Mac OS X 10_14_6) AppleWebKit/537.36 (KHTML, like Gecko) Chrome/85.0.4183.102 Safari/537.36,ip:::1

[2020-09-21 19:55:06]-82	DEBUG	fpv	/Users/jelly/go/src/sports_service/server/middleware/engineLog/log.go:27	url:/swagger/swagger-ui.css,user_agent:Mozilla/5.0 (Macintosh; Intel Mac OS X 10_14_6) AppleWebKit/537.36 (KHTML, like Gecko) Chrome/85.0.4183.102 Safari/537.36,ip:::1

[2020-09-21 19:55:06]-68	DEBUG	fpv	/Users/jelly/go/src/sports_service/server/middleware/engineLog/log.go:61	[PlayMate] 2020/09/21 - 19:55:06 | version: | User-Agent:Mozilla/5.0 (Macintosh; Intel Mac OS X 10_14_6) AppleWebKit/537.36 (KHTML, like Gecko) Chrome/85.0.4183.102 Safari/537.36 |[97;42m 200 [0m|耗时：     490.626µs | ::1 |[97;44m  [0m GET     /swagger/swagger-ui-standalone-preset.js |

[2020-09-21 19:55:06]-82	DEBUG	fpv	/Users/jelly/go/src/sports_service/server/middleware/engineLog/log.go:61	[PlayMate] 2020/09/21 - 19:55:06 | version: | User-Agent:Mozilla/5.0 (Macintosh; Intel Mac OS X 10_14_6) AppleWebKit/537.36 (KHTML, like Gecko) Chrome/85.0.4183.102 Safari/537.36 |[97;42m 200 [0m|耗时：     239.636µs | ::1 |[97;44m  [0m GET     /swagger/swagger-ui.css |

[2020-09-21 19:55:06]-67	DEBUG	fpv	/Users/jelly/go/src/sports_service/server/middleware/engineLog/log.go:61	[PlayMate] 2020/09/21 - 19:55:06 | version: | User-Agent:Mozilla/5.0 (Macintosh; Intel Mac OS X 10_14_6) AppleWebKit/537.36 (KHTML, like Gecko) Chrome/85.0.4183.102 Safari/537.36 |[97;42m 200 [0m|耗时：   16.852053ms | ::1 |[97;44m  [0m GET     /swagger/swagger-ui-bundle.js |

[2020-09-21 19:55:06]-67	DEBUG	fpv	/Users/jelly/go/src/sports_service/server/middleware/engineLog/log.go:27	url:/swagger/doc.json,user_agent:Mozilla/5.0 (Macintosh; Intel Mac OS X 10_14_6) AppleWebKit/537.36 (KHTML, like Gecko) Chrome/85.0.4183.102 Safari/537.36,ip:::1

[2020-09-21 19:55:06]-67	DEBUG	fpv	/Users/jelly/go/src/sports_service/server/middleware/engineLog/log.go:61	[PlayMate] 2020/09/21 - 19:55:06 | version: | User-Agent:Mozilla/5.0 (Macintosh; Intel Mac OS X 10_14_6) AppleWebKit/537.36 (KHTML, like Gecko) Chrome/85.0.4183.102 Safari/537.36 |[97;42m 200 [0m|耗时：    2.516165ms | ::1 |[97;44m  [0m GET     /swagger/doc.json |

