[2020-09-10 18:29:33]-1	DEBUG	fpv	/Users/jelly/go/src/sports_service/server/login/main.go:40	setup log success
[2020-09-10 18:29:36]-47	ERROR	fpv	/Users/jelly/go/src/sports_service/server/models/muser/muser.go:46	user_trace: find user by phone err:%!s(<nil>)
sports_service/server/models/muser.(*UserModel).FindUserByPhone
	/Users/jelly/go/src/sports_service/server/models/muser/muser.go:46
sports_service/server/login/controller/cuser.MobileLoginOrReg
	/Users/jelly/go/src/sports_service/server/login/controller/cuser/cuser.go:21
sports_service/server/login/routers/api/v1/user.MobilePhoneLogin
	/Users/jelly/go/src/sports_service/server/login/routers/api/v1/user/user.go:35
github.com/gin-gonic/gin.(*Context).Next
	/Users/jelly/go/src/sports_service/pkg/mod/github.com/gin-gonic/gin@v1.6.3/context.go:161
github.com/gin-gonic/gin.(*Engine).handleHTTPRequest
	/Users/jelly/go/src/sports_service/pkg/mod/github.com/gin-gonic/gin@v1.6.3/gin.go:409
github.com/gin-gonic/gin.(*Engine).ServeHTTP
	/Users/jelly/go/src/sports_service/pkg/mod/github.com/gin-gonic/gin@v1.6.3/gin.go:367
net/http.serverHandler.ServeHTTP
	/usr/local/go/src/net/http/server.go:2807
net/http.(*conn).serve
	/usr/local/go/src/net/http/server.go:1895
[2020-09-10 18:30:44]-1	DEBUG	fpv	/Users/jelly/go/src/sports_service/server/login/main.go:40	setup log success
[2020-09-10 18:35:59]-1	DEBUG	fpv	/Users/jelly/go/src/sports_service/server/login/main.go:40	setup log success
[2020-09-10 18:58:44]-1	DEBUG	fpv	/Users/jelly/go/src/sports_service/server/login/main.go:40	setup log success
[2020-09-10 19:12:25]-1	DEBUG	fpv	/Users/jelly/go/src/sports_service/server/login/main.go:40	setup log success
[2020-09-10 19:24:53]-1	DEBUG	fpv	/Users/jelly/go/src/sports_service/server/login/main.go:40	setup log success
[2020-09-10 19:25:04]-1	DEBUG	fpv	/Users/jelly/go/src/sports_service/server/login/main.go:40	setup log success
[2020-09-10 19:27:51]-1	DEBUG	fpv	/Users/jelly/go/src/sports_service/server/login/main.go:40	setup log success
[2020-09-10 19:28:41]-1	DEBUG	fpv	/Users/jelly/go/src/sports_service/server/login/main.go:40	setup log success
[2020-09-10 19:32:03]-1	DEBUG	fpv	/Users/jelly/go/src/sports_service/server/login/main.go:40	setup log success
[2020-09-10 19:33:00]-67	ERROR	fpv	/Users/jelly/go/src/sports_service/server/models/muser/muser.go:46	user_trace: find user by phone err:%!s(<nil>)
sports_service/server/models/muser.(*UserModel).FindUserByPhone
	/Users/jelly/go/src/sports_service/server/models/muser/muser.go:46
sports_service/server/login/controller/cuser.MobileLoginOrReg
	/Users/jelly/go/src/sports_service/server/login/controller/cuser/cuser.go:21
sports_service/server/login/routers/api/v1/user.MobilePhoneLogin
	/Users/jelly/go/src/sports_service/server/login/routers/api/v1/user/user.go:35
github.com/gin-gonic/gin.(*Context).Next
	/Users/jelly/go/src/sports_service/pkg/mod/github.com/gin-gonic/gin@v1.6.3/context.go:161
github.com/gin-gonic/gin.(*Engine).handleHTTPRequest
	/Users/jelly/go/src/sports_service/pkg/mod/github.com/gin-gonic/gin@v1.6.3/gin.go:409
github.com/gin-gonic/gin.(*Engine).ServeHTTP
	/Users/jelly/go/src/sports_service/pkg/mod/github.com/gin-gonic/gin@v1.6.3/gin.go:367
net/http.serverHandler.ServeHTTP
	/usr/local/go/src/net/http/server.go:2807
net/http.(*conn).serve
	/usr/local/go/src/net/http/server.go:1895
[2020-09-10 19:50:38]-1	DEBUG	fpv	/Users/jelly/go/src/sports_service/server/login/main.go:40	setup log success
[2020-09-10 19:59:48]-1	DEBUG	fpv	/Users/jelly/go/src/sports_service/server/login/main.go:40	setup log success
[2020-09-10 20:03:24]-1	DEBUG	fpv	/Users/jelly/go/src/sports_service/server/login/main.go:40	setup log success
[2020-09-10 20:09:43]-1	DEBUG	fpv	/Users/jelly/go/src/sports_service/server/login/main.go:40	setup log success
[2020-09-10 20:10:16]-1	DEBUG	fpv	/Users/jelly/go/src/sports_service/server/login/main.go:40	setup log success
[2020-09-10 20:11:03]-1	DEBUG	fpv	/Users/jelly/go/src/sports_service/server/login/main.go:40	setup log success
[2020-09-10 20:11:41]-1	DEBUG	fpv	/Users/jelly/go/src/sports_service/server/login/main.go:40	setup log success
[2020-09-10 20:11:56]-1	DEBUG	fpv	/Users/jelly/go/src/sports_service/server/login/main.go:40	setup log success
[2020-09-10 20:18:44]-1	DEBUG	fpv	/Users/jelly/go/src/sports_service/server/login/main.go:40	setup log success
[2020-09-10 20:20:49]-1	DEBUG	fpv	/Users/jelly/go/src/sports_service/server/login/main.go:40	setup log success
[2020-09-10 20:21:51]-1	DEBUG	fpv	/Users/jelly/go/src/sports_service/server/login/main.go:40	setup log success
[2020-09-10 20:22:50]-1	DEBUG	fpv	/Users/jelly/go/src/sports_service/server/login/main.go:40	setup log success
[2020-09-10 20:24:21]-1	DEBUG	fpv	/Users/jelly/go/src/sports_service/server/login/main.go:40	setup log success
[2020-09-10 20:25:19]-1	DEBUG	fpv	/Users/jelly/go/src/sports_service/server/login/main.go:40	setup log success
[2020-09-10 20:27:41]-1	DEBUG	fpv	/Users/jelly/go/src/sports_service/server/login/main.go:40	setup log success
