conf is {PublicAddr::11001 PprofAddr::12001 Mode:dev WechatAppid:wx9306bf43be47830b WechatSecret:3af44d06170ecdab4b49d1c70268c71f NsqAddr:127.0.0.1:4150 StaticDomain::11001 Log:{Path:./log/app_server.log Level:0 ShowColor:true} Mysql:{Main:{Master:root:a3202381@tcp(127.0.0.1:3306)/fpv2?charset=utf8mb4 Slave:[root:a3202381@tcp(127.0.0.1:3306)/fpv2?charset=utf8mb4 root:a3202381@tcp(127.0.0.1:3306)/fpv2?charset=utf8mb4 root:a3202381@tcp(127.0.0.1:3306)/fpv2?charset=utf8mb4] MaxIdle:128 MaxActive:128}} Redis:{Main:{Master:{Ip:127.0.0.1 Port:6379} Slave:[{Ip:127.0.0.1 Port:6379}] Options:[]}} RedisPassword:n8R39KbtEfCEfyIk Debug:true}

start  
init nsq product start...
init nsq  product end...
[GIN-debug] [WARNING] Running in "debug" mode. Switch to "release" mode in production.
 - using env:	export GIN_MODE=release
 - using code:	gin.SetMode(gin.ReleaseMode)

[GIN-debug] GET    /static/*filepath         --> github.com/gin-gonic/gin.(*RouterGroup).createStaticHandler.func1 (1 handlers)
[GIN-debug] HEAD   /static/*filepath         --> github.com/gin-gonic/gin.(*RouterGroup).createStaticHandler.func1 (1 handlers)
[GIN-debug] GET    /swagger/*any             --> github.com/swaggo/gin-swagger.CustomWrapHandler.func1 (3 handlers)
[GIN-debug] GET    /api/v1/doc               --> sports_service/server/app/routers/api/v1/doc.ApiCode (3 handlers)
[GIN-debug] GET    /api/v1/client/init       --> sports_service/server/app/routers/api/v1/client.InitInfo (4 handlers)
[GIN-debug] POST   /api/v1/user/smscode      --> sports_service/server/app/routers/api/v1/user.SmsCode (3 handlers)
[GIN-debug] POST   /api/v1/user/smscode/login --> sports_service/server/app/routers/api/v1/user.SmsCodeLogin (3 handlers)
[GIN-debug] POST   /api/v1/user/mobile/login --> sports_service/server/app/routers/api/v1/user.MobilePhoneLogin (3 handlers)
[GIN-debug] POST   /api/v1/user/wechat/login --> sports_service/server/app/routers/api/v1/user.UserWechatLogin (3 handlers)
[GIN-debug] POST   /api/v1/user/weibo/login  --> sports_service/server/app/routers/api/v1/user.UserWeiboLogin (3 handlers)
[GIN-debug] POST   /api/v1/user/qq/login     --> sports_service/server/app/routers/api/v1/user.UserQQLogin (3 handlers)
[GIN-debug] GET    /api/v1/user/info         --> sports_service/server/app/routers/api/v1/user.UserInfo (4 handlers)
[GIN-debug] POST   /api/v1/user/edit/info    --> sports_service/server/app/routers/api/v1/user.EditUserInfo (4 handlers)
[GIN-debug] POST   /api/v1/user/feedback     --> sports_service/server/app/routers/api/v1/user.UserFeedback (4 handlers)
[GIN-debug] GET    /api/v1/user/zone/info    --> sports_service/server/app/routers/api/v1/user.UserZoneInfo (4 handlers)
[GIN-debug] POST   /api/v1/attention/user    --> sports_service/server/app/routers/api/v1/attention.AttentionUser (4 handlers)
[GIN-debug] POST   /api/v1/attention/cancel  --> sports_service/server/app/routers/api/v1/attention.CancelAttention (4 handlers)
[GIN-debug] GET    /api/v1/attention/list    --> sports_service/server/app/routers/api/v1/attention.AttentionList (4 handlers)
[GIN-debug] GET    /api/v1/attention/fans    --> sports_service/server/app/routers/api/v1/attention.FansList (4 handlers)
[GIN-debug] POST   /api/v1/collect/video     --> sports_service/server/app/routers/api/v1/collect.CollectVideo (4 handlers)
[GIN-debug] POST   /api/v1/collect/video/cancel --> sports_service/server/app/routers/api/v1/collect.CancelCollect (4 handlers)
[GIN-debug] GET    /api/v1/collect/video/list --> sports_service/server/app/routers/api/v1/collect.CollectVideoList (4 handlers)
[GIN-debug] POST   /api/v1/collect/delete    --> sports_service/server/app/routers/api/v1/collect.DeleteCollect (4 handlers)
[GIN-debug] POST   /api/v1/video/publish     --> sports_service/server/app/routers/api/v1/video.VideoPublish (4 handlers)
[GIN-debug] GET    /api/v1/video/browse/history --> sports_service/server/app/routers/api/v1/video.BrowseHistory (4 handlers)
[GIN-debug] GET    /api/v1/video/publish/list --> sports_service/server/app/routers/api/v1/video.VideoPublishList (4 handlers)
[GIN-debug] POST   /api/v1/video/delete/history --> sports_service/server/app/routers/api/v1/video.DeleteHistory (4 handlers)
[GIN-debug] POST   /api/v1/video/delete/publish --> sports_service/server/app/routers/api/v1/video.DeletePublish (4 handlers)
[GIN-debug] GET    /api/v1/video/recommend   --> sports_service/server/app/routers/api/v1/video.RecommendVideos (4 handlers)
[GIN-debug] GET    /api/v1/video/homepage/banner --> sports_service/server/app/routers/api/v1/video.RecommendBanners (4 handlers)
[GIN-debug] GET    /api/v1/video/attention   --> sports_service/server/app/routers/api/v1/video.AttentionVideos (4 handlers)
[GIN-debug] GET    /api/v1/video/detail      --> sports_service/server/app/routers/api/v1/video.VideoDetail (4 handlers)
[GIN-debug] GET    /api/v1/video/detail/recommend --> sports_service/server/app/routers/api/v1/video.DetailRecommend (4 handlers)
[GIN-debug] GET    /api/v1/video/upload/sign --> sports_service/server/app/routers/api/v1/video.UploadSign (4 handlers)
[GIN-debug] GET    /api/v1/video/event/callback --> sports_service/server/app/routers/api/v1/video.EventCallback (4 handlers)
[GIN-debug] POST   /api/v1/video/custom/labels --> sports_service/server/app/routers/api/v1/video.CheckCustomLabels (4 handlers)
[GIN-debug] GET    /api/v1/video/label/list  --> sports_service/server/app/routers/api/v1/video.VideoLabelList (4 handlers)
[GIN-debug] POST   /api/v1/like/video        --> sports_service/server/app/routers/api/v1/like.GiveLikeForVideo (4 handlers)
[GIN-debug] POST   /api/v1/like/video/cancel --> sports_service/server/app/routers/api/v1/like.CancelLikeForVideo (4 handlers)
[GIN-debug] GET    /api/v1/like/video/list   --> sports_service/server/app/routers/api/v1/like.LikeVideoList (4 handlers)
[GIN-debug] POST   /api/v1/like/comment      --> sports_service/server/app/routers/api/v1/like.GiveLikeForComment (4 handlers)
[GIN-debug] POST   /api/v1/like/comment/cancel --> sports_service/server/app/routers/api/v1/like.CancelLikeForComment (4 handlers)
[GIN-debug] POST   /api/v1/notify/setting    --> sports_service/server/app/routers/api/v1/notify.NotifySetting (4 handlers)
[GIN-debug] GET    /api/v1/notify/beliked    --> sports_service/server/app/routers/api/v1/notify.BeLikedNotify (4 handlers)
[GIN-debug] GET    /api/v1/notify/receive/at --> sports_service/server/app/routers/api/v1/notify.ReceiveAtNotify (4 handlers)
[GIN-debug] GET    /api/v1/notify/unread/quantity --> sports_service/server/app/routers/api/v1/notify.UnreadNum (4 handlers)
[GIN-debug] GET    /api/v1/notify/setting/info --> sports_service/server/app/routers/api/v1/notify.NotifySettingInfo (4 handlers)
[GIN-debug] GET    /api/v1/search/videos     --> sports_service/server/app/routers/api/v1/search.VideoSearch (4 handlers)
[GIN-debug] GET    /api/v1/search/users      --> sports_service/server/app/routers/api/v1/search.UserSearch (4 handlers)
[GIN-debug] GET    /api/v1/search/colligate  --> sports_service/server/app/routers/api/v1/search.ColligateSearch (4 handlers)
[GIN-debug] GET    /api/v1/search/label      --> sports_service/server/app/routers/api/v1/search.LabelSearch (4 handlers)
[GIN-debug] GET    /api/v1/search/hot        --> sports_service/server/app/routers/api/v1/search.HotSearch (4 handlers)
[GIN-debug] GET    /api/v1/search/attention  --> sports_service/server/app/routers/api/v1/search.AttentionSearch (4 handlers)
[GIN-debug] GET    /api/v1/search/fans       --> sports_service/server/app/routers/api/v1/search.FansSearch (4 handlers)
[GIN-debug] POST   /api/v1/comment/publish   --> sports_service/server/app/routers/api/v1/comment.PublishComment (4 handlers)
[GIN-debug] POST   /api/v1/comment/reply     --> sports_service/server/app/routers/api/v1/comment.PublishReply (4 handlers)
[GIN-debug] GET    /api/v1/comment/list      --> sports_service/server/app/routers/api/v1/comment.CommentList (4 handlers)
[GIN-debug] GET    /api/v1/comment/reply/list --> sports_service/server/app/routers/api/v1/comment.ReplyList (4 handlers)
[GIN-debug] POST   /api/v1/barrage/send      --> sports_service/server/app/routers/api/v1/barrage.SendBarrage (4 handlers)
[GIN-debug] GET    /api/v1/barrage/video/list --> sports_service/server/app/routers/api/v1/barrage.VideoBarrage (4 handlers)
[GIN-debug] Listening and serving HTTP on :11001
[1	0	20-10-23 13:41:56]	
[1	0	20-10-23 13:41:56]	setup log success	/Users/jelly/go/src/sports_service/server/app/main.go:42
[1	0	20-10-23 13:41:56]	timeout...

conf is {PublicAddr::11001 PprofAddr::12001 Mode:dev WechatAppid:wx9306bf43be47830b WechatSecret:3af44d06170ecdab4b49d1c70268c71f NsqAddr:127.0.0.1:4150 StaticDomain::11001 Log:{Path:./log/app_server.log Level:0 ShowColor:true} Mysql:{Main:{Master:root:a3202381@tcp(127.0.0.1:3306)/fpv2?charset=utf8mb4 Slave:[root:a3202381@tcp(127.0.0.1:3306)/fpv2?charset=utf8mb4 root:a3202381@tcp(127.0.0.1:3306)/fpv2?charset=utf8mb4 root:a3202381@tcp(127.0.0.1:3306)/fpv2?charset=utf8mb4] MaxIdle:128 MaxActive:128}} Redis:{Main:{Master:{Ip:127.0.0.1 Port:6379} Slave:[{Ip:127.0.0.1 Port:6379}] Options:[]}} RedisPassword:n8R39KbtEfCEfyIk Debug:true}

start  
init nsq product start...
init nsq  product end...
[GIN-debug] [WARNING] Running in "debug" mode. Switch to "release" mode in production.
 - using env:	export GIN_MODE=release
 - using code:	gin.SetMode(gin.ReleaseMode)

[GIN-debug] GET    /static/*filepath         --> github.com/gin-gonic/gin.(*RouterGroup).createStaticHandler.func1 (1 handlers)
[GIN-debug] HEAD   /static/*filepath         --> github.com/gin-gonic/gin.(*RouterGroup).createStaticHandler.func1 (1 handlers)
[GIN-debug] GET    /swagger/*any             --> github.com/swaggo/gin-swagger.CustomWrapHandler.func1 (3 handlers)
[GIN-debug] GET    /api/v1/doc               --> sports_service/server/app/routers/api/v1/doc.ApiCode (3 handlers)
[GIN-debug] GET    /api/v1/client/init       --> sports_service/server/app/routers/api/v1/client.InitInfo (4 handlers)
[GIN-debug] POST   /api/v1/user/smscode      --> sports_service/server/app/routers/api/v1/user.SmsCode (3 handlers)
[GIN-debug] POST   /api/v1/user/smscode/login --> sports_service/server/app/routers/api/v1/user.SmsCodeLogin (3 handlers)
[GIN-debug] POST   /api/v1/user/mobile/login --> sports_service/server/app/routers/api/v1/user.MobilePhoneLogin (3 handlers)
[GIN-debug] POST   /api/v1/user/wechat/login --> sports_service/server/app/routers/api/v1/user.UserWechatLogin (3 handlers)
[GIN-debug] POST   /api/v1/user/weibo/login  --> sports_service/server/app/routers/api/v1/user.UserWeiboLogin (3 handlers)
[GIN-debug] POST   /api/v1/user/qq/login     --> sports_service/server/app/routers/api/v1/user.UserQQLogin (3 handlers)
[GIN-debug] GET    /api/v1/user/info         --> sports_service/server/app/routers/api/v1/user.UserInfo (4 handlers)
[GIN-debug] POST   /api/v1/user/edit/info    --> sports_service/server/app/routers/api/v1/user.EditUserInfo (4 handlers)
[GIN-debug] POST   /api/v1/user/feedback     --> sports_service/server/app/routers/api/v1/user.UserFeedback (4 handlers)
[GIN-debug] GET    /api/v1/user/zone/info    --> sports_service/server/app/routers/api/v1/user.UserZoneInfo (4 handlers)
[GIN-debug] POST   /api/v1/attention/user    --> sports_service/server/app/routers/api/v1/attention.AttentionUser (4 handlers)
[GIN-debug] POST   /api/v1/attention/cancel  --> sports_service/server/app/routers/api/v1/attention.CancelAttention (4 handlers)
[GIN-debug] GET    /api/v1/attention/list    --> sports_service/server/app/routers/api/v1/attention.AttentionList (4 handlers)
[GIN-debug] GET    /api/v1/attention/fans    --> sports_service/server/app/routers/api/v1/attention.FansList (4 handlers)
[GIN-debug] POST   /api/v1/collect/video     --> sports_service/server/app/routers/api/v1/collect.CollectVideo (4 handlers)
[GIN-debug] POST   /api/v1/collect/video/cancel --> sports_service/server/app/routers/api/v1/collect.CancelCollect (4 handlers)
[GIN-debug] GET    /api/v1/collect/video/list --> sports_service/server/app/routers/api/v1/collect.CollectVideoList (4 handlers)
[GIN-debug] POST   /api/v1/collect/delete    --> sports_service/server/app/routers/api/v1/collect.DeleteCollect (4 handlers)
[GIN-debug] POST   /api/v1/video/publish     --> sports_service/server/app/routers/api/v1/video.VideoPublish (4 handlers)
[GIN-debug] GET    /api/v1/video/browse/history --> sports_service/server/app/routers/api/v1/video.BrowseHistory (4 handlers)
[GIN-debug] GET    /api/v1/video/publish/list --> sports_service/server/app/routers/api/v1/video.VideoPublishList (4 handlers)
[GIN-debug] POST   /api/v1/video/delete/history --> sports_service/server/app/routers/api/v1/video.DeleteHistory (4 handlers)
[GIN-debug] POST   /api/v1/video/delete/publish --> sports_service/server/app/routers/api/v1/video.DeletePublish (4 handlers)
[GIN-debug] GET    /api/v1/video/recommend   --> sports_service/server/app/routers/api/v1/video.RecommendVideos (4 handlers)
[GIN-debug] GET    /api/v1/video/homepage/banner --> sports_service/server/app/routers/api/v1/video.RecommendBanners (4 handlers)
[GIN-debug] GET    /api/v1/video/attention   --> sports_service/server/app/routers/api/v1/video.AttentionVideos (4 handlers)
[GIN-debug] GET    /api/v1/video/detail      --> sports_service/server/app/routers/api/v1/video.VideoDetail (4 handlers)
[GIN-debug] GET    /api/v1/video/detail/recommend --> sports_service/server/app/routers/api/v1/video.DetailRecommend (4 handlers)
[GIN-debug] GET    /api/v1/video/upload/sign --> sports_service/server/app/routers/api/v1/video.UploadSign (4 handlers)
[GIN-debug] GET    /api/v1/video/event/callback --> sports_service/server/app/routers/api/v1/video.EventCallback (4 handlers)
[GIN-debug] POST   /api/v1/video/custom/labels --> sports_service/server/app/routers/api/v1/video.CheckCustomLabels (4 handlers)
[GIN-debug] GET    /api/v1/video/label/list  --> sports_service/server/app/routers/api/v1/video.VideoLabelList (4 handlers)
[GIN-debug] POST   /api/v1/like/video        --> sports_service/server/app/routers/api/v1/like.GiveLikeForVideo (4 handlers)
[GIN-debug] POST   /api/v1/like/video/cancel --> sports_service/server/app/routers/api/v1/like.CancelLikeForVideo (4 handlers)
[GIN-debug] GET    /api/v1/like/video/list   --> sports_service/server/app/routers/api/v1/like.LikeVideoList (4 handlers)
[GIN-debug] POST   /api/v1/like/comment      --> sports_service/server/app/routers/api/v1/like.GiveLikeForComment (4 handlers)
[GIN-debug] POST   /api/v1/like/comment/cancel --> sports_service/server/app/routers/api/v1/like.CancelLikeForComment (4 handlers)
[GIN-debug] POST   /api/v1/notify/setting    --> sports_service/server/app/routers/api/v1/notify.NotifySetting (4 handlers)
[GIN-debug] GET    /api/v1/notify/beliked    --> sports_service/server/app/routers/api/v1/notify.BeLikedNotify (4 handlers)
[GIN-debug] GET    /api/v1/notify/receive/at --> sports_service/server/app/routers/api/v1/notify.ReceiveAtNotify (4 handlers)
[GIN-debug] GET    /api/v1/notify/unread/quantity --> sports_service/server/app/routers/api/v1/notify.UnreadNum (4 handlers)
[GIN-debug] GET    /api/v1/notify/setting/info --> sports_service/server/app/routers/api/v1/notify.NotifySettingInfo (4 handlers)
[GIN-debug] GET    /api/v1/search/videos     --> sports_service/server/app/routers/api/v1/search.VideoSearch (4 handlers)
[GIN-debug] GET    /api/v1/search/users      --> sports_service/server/app/routers/api/v1/search.UserSearch (4 handlers)
[GIN-debug] GET    /api/v1/search/colligate  --> sports_service/server/app/routers/api/v1/search.ColligateSearch (4 handlers)
[GIN-debug] GET    /api/v1/search/label      --> sports_service/server/app/routers/api/v1/search.LabelSearch (4 handlers)
[GIN-debug] GET    /api/v1/search/hot        --> sports_service/server/app/routers/api/v1/search.HotSearch (4 handlers)
[GIN-debug] GET    /api/v1/search/attention  --> sports_service/server/app/routers/api/v1/search.AttentionSearch (4 handlers)
[GIN-debug] GET    /api/v1/search/fans       --> sports_service/server/app/routers/api/v1/search.FansSearch (4 handlers)
[GIN-debug] POST   /api/v1/comment/publish   --> sports_service/server/app/routers/api/v1/comment.PublishComment (4 handlers)
[GIN-debug] POST   /api/v1/comment/reply     --> sports_service/server/app/routers/api/v1/comment.PublishReply (4 handlers)
[GIN-debug] GET    /api/v1/comment/list      --> sports_service/server/app/routers/api/v1/comment.CommentList (4 handlers)
[GIN-debug] GET    /api/v1/comment/reply/list --> sports_service/server/app/routers/api/v1/comment.ReplyList (4 handlers)
[GIN-debug] POST   /api/v1/barrage/send      --> sports_service/server/app/routers/api/v1/barrage.SendBarrage (4 handlers)
[GIN-debug] GET    /api/v1/barrage/video/list --> sports_service/server/app/routers/api/v1/barrage.VideoBarrage (4 handlers)
[GIN-debug] Listening and serving HTTP on :11001
[1	0	20-10-23 13:42:54]	
[1	0	20-10-23 13:42:54]	setup log success	/Users/jelly/go/src/sports_service/server/app/main.go:42
[1	0	20-10-23 13:42:54]	timeout...

conf is {PublicAddr::11001 PprofAddr::12001 Mode:dev WechatAppid:wx9306bf43be47830b WechatSecret:3af44d06170ecdab4b49d1c70268c71f NsqAddr:127.0.0.1:4150 StaticDomain::11001 Log:{Path:./log/app_server.log Level:0 ShowColor:true} Mysql:{Main:{Master:root:a3202381@tcp(127.0.0.1:3306)/fpv2?charset=utf8mb4 Slave:[root:a3202381@tcp(127.0.0.1:3306)/fpv2?charset=utf8mb4 root:a3202381@tcp(127.0.0.1:3306)/fpv2?charset=utf8mb4 root:a3202381@tcp(127.0.0.1:3306)/fpv2?charset=utf8mb4] MaxIdle:128 MaxActive:128}} Redis:{Main:{Master:{Ip:127.0.0.1 Port:6379} Slave:[{Ip:127.0.0.1 Port:6379}] Options:[]}} RedisPassword:n8R39KbtEfCEfyIk Debug:true}

start  
init nsq product start...
init nsq  product end...
[GIN-debug] [WARNING] Running in "debug" mode. Switch to "release" mode in production.
 - using env:	export GIN_MODE=release
 - using code:	gin.SetMode(gin.ReleaseMode)

[GIN-debug] GET    /static/*filepath         --> github.com/gin-gonic/gin.(*RouterGroup).createStaticHandler.func1 (1 handlers)
[GIN-debug] HEAD   /static/*filepath         --> github.com/gin-gonic/gin.(*RouterGroup).createStaticHandler.func1 (1 handlers)
http.ListenAdServe(":12001") error(listen tcp :12001: bind: address already in use)[TencentCloudSDKError] Code=ResourceNotFound, Message=no event, RequestId=b5e2577c-c3a5-45ba-8564-bb6e325add2e
An API error has returned: [TencentCloudSDKError] Code=ResourceNotFound, Message=no event, RequestId=b5e2577c-c3a5-45ba-8564-bb6e325add2e[TencentCloudSDKError] Code=ResourceNotFound, Message=no event, RequestId=67f6cbca-e69b-4232-8588-37e110b80ff4
An API error has returned: [TencentCloudSDKError] Code=ResourceNotFound, Message=no event, RequestId=67f6cbca-e69b-4232-8588-37e110b80ff4[xorm] [info]  2020/10/23 13:45:54.051958 [SQL] SELECT `cover`, `create_at`, `end_time`, `explain`, `id`, `jump_url`, `share_url`, `sortorder`, `start_time`, `status`, `title`, `type`, `update_at` FROM `banner`
[xorm] [info]  2020/10/23 13:45:54.056672 [SQL] UPDATE `banner` SET `cover` = ?, `create_at` = ?, `end_time` = ?, `explain` = ?, `jump_url` = ?, `share_url` = ?, `sortorder` = ?, `start_time` = ?, `status` = ?, `title` = ?, `type` = ?, `update_at` = ? WHERE (id=?) []interface {}{"http://192.168.51.244:13002/upload/2020_10_23/539452358778687488.jpeg", 1603418381, 1603677576, "111", "111", "111", 1, 1603418374, 1, "111", 1, 1603418381, 5}
[xorm] [info]  2020/10/23 13:45:54.158071 [SQL] UPDATE `banner` SET `cover` = ?, `create_at` = ?, `end_time` = ?, `explain` = ?, `jump_url` = ?, `share_url` = ?, `sortorder` = ?, `start_time` = ?, `status` = ?, `title` = ?, `type` = ?, `update_at` = ? WHERE (id=?) []interface {}{"http://192.168.51.244:13002/upload/2020_10_23/539461747371675648.png", 1603420600, 1604025396, "没啥好说的", "www.baidu.com", "www.google.com", 100, 1603420594, 1, "首页banner图", 1, 1603420600, 6}
[xorm] [info]  2020/10/23 13:45:54.160371 [SQL] UPDATE `banner` SET `cover` = ?, `create_at` = ?, `end_time` = ?, `explain` = ?, `jump_url` = ?, `share_url` = ?, `sortorder` = ?, `start_time` = ?, `status` = ?, `title` = ?, `type` = ?, `update_at` = ? WHERE (id=?) []interface {}{"http://192.168.51.244:13002/upload/2020_10_23/539463232574722048.jpeg", 1603420954, 1603939349, "没有说明", "www.baidu.com", "www.google.com", 100, 1603420948, 1, "test2", 2, 1603420954, 7}
[TencentCloudSDKError] Code=ResourceNotFound, Message=no event, RequestId=d9ca8e87-f0b9-42b3-be2b-508fadbca9a7
An API error has returned: [TencentCloudSDKError] Code=ResourceNotFound, Message=no event, RequestId=d9ca8e87-f0b9-42b3-be2b-508fadbca9a7[16	0	20-10-23 13:45:54]	
[16	0	20-10-23 13:45:54]	开始检测banner 是否上架/是否已过期	/Users/jelly/go/src/sports_service/server/job/check_banners.go:19
[16	0	20-10-23 13:45:54]	检测完毕	/Users/jelly/go/src/sports_service/server/job/check_banners.go:22
[16	0	20-10-23 13:45:54]	timeout...

